<?xml version="1.0" encoding="UTF-8"?>
<!-- Generated by org.testng.reporters.JUnitReportReporter -->
<testsuite skipped="0" hostname="Lenovo-PC" name="com.qa.api.gorest.tests.GetUserTest" tests="2" failures="0" timestamp="11 Dec 2020 22:43:04 GMT" time="3.010" errors="0">
  <testcase name="getAllUserListAPITest" time="1.550" classname="com.qa.api.gorest.tests.GetUserTest"/>
  <testcase name="getUserWithQueryParamsAPITest" time="1.460" classname="com.qa.api.gorest.tests.GetUserTest"/>
</testsuite> <!-- com.qa.api.gorest.tests.GetUserTest -->
