<?xml version="1.0" encoding="UTF-8"?>
<!-- Generated by org.testng.reporters.JUnitReportReporter -->
<testsuite skipped="0" hostname="Lenovo-PC" name="com.qa.api.gorest.util.Token" tests="1" failures="0" timestamp="2020-12-09T15:15:40 EST" time="9.260" errors="0">
  <testcase name="getAccessToken" time="9.260" classname="com.qa.api.gorest.util.Token"/>
  <system-out/>
</testsuite> <!-- com.qa.api.gorest.util.Token -->
