<?xml version="1.0" encoding="UTF-8"?>
<!-- Generated by org.testng.reporters.JUnitReportReporter -->
<testsuite skipped="0" hostname="Lenovo-PC" name="com.qa.api.gorest.pojo.UserResult" tests="1" failures="0" timestamp="10 Dec 2020 22:17:40 GMT" time="3.253" errors="0">
  <testcase name="createUserWithFullJson" time="3.253" classname="com.qa.api.gorest.pojo.UserResult"/>
</testsuite> <!-- com.qa.api.gorest.pojo.UserResult -->
