<?xml version="1.0" encoding="UTF-8"?>
<!-- Generated by org.testng.reporters.JUnitReportReporter -->
<testsuite skipped="0" hostname="Lenovo-PC" name="com.qa.api.gorest.tests.CreateUserTest" tests="4" failures="0" timestamp="11 Dec 2020 22:43:04 GMT" time="9.871" errors="0">
  <testcase name="createUserAPIPOSTTest" time="4.993" classname="com.qa.api.gorest.tests.CreateUserTest"/>
  <testcase name="createUserAPIPOSTTest" time="1.800" classname="com.qa.api.gorest.tests.CreateUserTest"/>
  <testcase name="createUserAPIPOSTTest" time="1.453" classname="com.qa.api.gorest.tests.CreateUserTest"/>
  <testcase name="createUserAPIPOSTTest" time="1.625" classname="com.qa.api.gorest.tests.CreateUserTest"/>
</testsuite> <!-- com.qa.api.gorest.tests.CreateUserTest -->
